boid_manager.cpp( 67:16 ):        Velocity(0): (1149, 85)
boid_manager.cpp( 70:16 ):     AvgPosition(0): (1149, 85)
boid_manager.cpp( 72:16 ):     AvgVelocity(0): (0, 0)
boid_manager.cpp( 75:16 ):  BufferDistance(0): (0, 0)
boid_manager.cpp( 77:16 ): BoundedVelocity(0): (0, 0)
boid_manager.cpp( 67:16 ):        Velocity(1): (1149, 85)
boid_manager.cpp( 70:16 ):     AvgPosition(1): (1149, 85)
boid_manager.cpp( 72:16 ):     AvgVelocity(1): (0, 0)
boid_manager.cpp( 75:16 ):  BufferDistance(1): (0, 0)
boid_manager.cpp( 77:16 ): BoundedVelocity(1): (0, 0)
boid_manager.cpp( 67:16 ):        Velocity(0): (4595, 340)
boid_manager.cpp( 70:16 ):     AvgPosition(0): (3447, 255)
boid_manager.cpp( 72:16 ):     AvgVelocity(0): (0, 0)
boid_manager.cpp( 75:16 ):  BufferDistance(0): (0, 0)
boid_manager.cpp( 77:16 ): BoundedVelocity(0): (-1, 0)
boid_manager.cpp( 67:16 ):        Velocity(1): (4596, 340)
boid_manager.cpp( 70:16 ):     AvgPosition(1): (3447, 255)
boid_manager.cpp( 72:16 ):     AvgVelocity(1): (0, 0)
boid_manager.cpp( 75:16 ):  BufferDistance(1): (0, 0)
boid_manager.cpp( 77:16 ): BoundedVelocity(1): (0, 0)
boid_manager.cpp( 67:16 ):        Velocity(0): (17232.062, 1275)
boid_manager.cpp( 70:16 ):     AvgPosition(0): (12638, 935)
boid_manager.cpp( 72:16 ):     AvgVelocity(0): (0.0625, 0)
boid_manager.cpp( 75:16 ):  BufferDistance(0): (0, 0)
boid_manager.cpp( 77:16 ): BoundedVelocity(0): (-1, 0)
boid_manager.cpp( 67:16 ):        Velocity(1): (17232.938, 1275)
boid_manager.cpp( 70:16 ):     AvgPosition(1): (12638, 935)
boid_manager.cpp( 72:16 ):     AvgVelocity(1): (-0.0625, 0)
boid_manager.cpp( 75:16 ):  BufferDistance(1): (0, 0)
boid_manager.cpp( 77:16 ): BoundedVelocity(1): (-1, 0)
boid_manager.cpp( 67:16 ):        Velocity(0): (64334.117, 4759)
boid_manager.cpp( 70:16 ):     AvgPosition(0): (47103, 3485)
boid_manager.cpp( 72:16 ):     AvgVelocity(0): (0.0546875, 0)
boid_manager.cpp( 75:16 ):  BufferDistance(0): (0, 0)
boid_manager.cpp( 77:16 ): BoundedVelocity(0): (-1, -1)
boid_manager.cpp( 67:16 ):        Velocity(1): (64334.883, 4759)
boid_manager.cpp( 70:16 ):     AvgPosition(1): (47103, 3485)
boid_manager.cpp( 72:16 ):     AvgVelocity(1): (-0.0546875, 0)
boid_manager.cpp( 75:16 ):  BufferDistance(1): (0, 0)
boid_manager.cpp( 77:16 ): BoundedVelocity(1): (-1, -1)
boid_manager.cpp( 67:16 ):        Velocity(0): (240105.16, 17761)
boid_manager.cpp( 70:16 ):     AvgPosition(0): (175772, 13003)
boid_manager.cpp( 72:16 ):     AvgVelocity(0): (0.047851562, 0)
boid_manager.cpp( 75:16 ):  BufferDistance(0): (0, 0)
boid_manager.cpp( 77:16 ): BoundedVelocity(0): (-1, -1)
boid_manager.cpp( 67:16 ):        Velocity(1): (240105.84, 17761)
boid_manager.cpp( 70:16 ):     AvgPosition(1): (175772, 13003)
boid_manager.cpp( 72:16 ):     AvgVelocity(1): (-0.047851562, 0)
boid_manager.cpp( 75:16 ):  BufferDistance(1): (0, 0)
boid_manager.cpp( 77:16 ): BoundedVelocity(1): (-1, -1)
boid_manager.cpp( 67:16 ):        Velocity(0): (896087.25, 66285)
boid_manager.cpp( 70:16 ):     AvgPosition(0): (655983, 48525)
boid_manager.cpp( 72:16 ):     AvgVelocity(0): (0.04296875, 0)
boid_manager.cpp( 75:16 ):  BufferDistance(0): (0, 0)
boid_manager.cpp( 77:16 ): BoundedVelocity(0): (-1, -1)
boid_manager.cpp( 67:16 ):        Velocity(1): (896087.75, 66285)
boid_manager.cpp( 70:16 ):     AvgPosition(1): (655983, 48525)
boid_manager.cpp( 72:16 ):     AvgVelocity(1): (-0.04296875, 0)
boid_manager.cpp( 75:16 ):  BufferDistance(1): (0, 0)
boid_manager.cpp( 77:16 ): BoundedVelocity(1): (-1, -1)
boid_manager.cpp( 67:16 ):        Velocity(0): (3344244.2, 247379)
boid_manager.cpp( 70:16 ):     AvgPosition(0): (2448158, 181095)
boid_manager.cpp( 72:16 ):     AvgVelocity(0): (0.03125, 0)
boid_manager.cpp( 75:16 ):  BufferDistance(0): (0, 0)
boid_manager.cpp( 77:16 ): BoundedVelocity(0): (-1, -1)
boid_manager.cpp( 67:16 ):        Velocity(1): (3344244.8, 247379)
boid_manager.cpp( 70:16 ):     AvgPosition(1): (2448158, 181095)
boid_manager.cpp( 72:16 ):     AvgVelocity(1): (-0.03125, 0)
boid_manager.cpp( 75:16 ):  BufferDistance(1): (0, 0)
boid_manager.cpp( 77:16 ): BoundedVelocity(1): (-1, -1)
boid_manager.cpp( 67:16 ):        Velocity(0): (12480890, 923231)
boid_manager.cpp( 70:16 ):     AvgPosition(0): (9136647, 675853)
boid_manager.cpp( 72:16 ):     AvgVelocity(0): (0.03125, 0)
boid_manager.cpp( 75:16 ):  BufferDistance(0): (0, 0)
boid_manager.cpp( 77:16 ): BoundedVelocity(0): (-1, -1)
boid_manager.cpp( 67:16 ):        Velocity(1): (12480891, 923231)
boid_manager.cpp( 70:16 ):     AvgPosition(1): (9136647, 675853)
boid_manager.cpp( 72:16 ):     AvgVelocity(1): (-0.03125, 0)
boid_manager.cpp( 75:16 ):  BufferDistance(1): (0, 0)
boid_manager.cpp( 77:16 ): BoundedVelocity(1): (-1, -1)
boid_manager.cpp( 67:16 ):        Velocity(0): (46579320, 3445545)
boid_manager.cpp( 70:16 ):     AvgPosition(0): (34098428, 2522315)
boid_manager.cpp( 72:16 ):     AvgVelocity(0): (0, 0)
boid_manager.cpp( 75:16 ):  BufferDistance(0): (0, 0)
boid_manager.cpp( 77:16 ): BoundedVelocity(0): (-1, -1)
boid_manager.cpp( 67:16 ):        Velocity(1): (46579320, 3445545)
boid_manager.cpp( 70:16 ):     AvgPosition(1): (34098428, 2522315)
boid_manager.cpp( 72:16 ):     AvgVelocity(1): (-0.125, 0)
boid_manager.cpp( 75:16 ):  BufferDistance(1): (0, 0)
boid_manager.cpp( 77:16 ): BoundedVelocity(1): (-1, -1)
boid_manager.cpp( 67:16 ):        Velocity(0): (173836380, 12858949)
boid_manager.cpp( 70:16 ):     AvgPosition(0): (127257064, 9413405)
boid_manager.cpp( 72:16 ):     AvgVelocity(0): (0, 0)
boid_manager.cpp( 75:16 ):  BufferDistance(0): (0, 0)
boid_manager.cpp( 77:16 ): BoundedVelocity(0): (-1, -1)
boid_manager.cpp( 67:16 ):        Velocity(1): (173836380, 12858949)
boid_manager.cpp( 70:16 ):     AvgPosition(1): (127257064, 9413405)
boid_manager.cpp( 72:16 ):     AvgVelocity(1): (0, 0)
boid_manager.cpp( 75:16 ):  BufferDistance(1): (0, 0)
boid_manager.cpp( 77:16 ): BoundedVelocity(1): (-1, -1)
boid_manager.cpp( 67:16 ):        Velocity(0): (648766200, 47990252)
boid_manager.cpp( 70:16 ):     AvgPosition(0): (474929820, 35131304)
boid_manager.cpp( 72:16 ):     AvgVelocity(0): (0, 0)
boid_manager.cpp( 75:16 ):  BufferDistance(0): (0, 0)
boid_manager.cpp( 77:16 ): BoundedVelocity(0): (-1, -1)
boid_manager.cpp( 67:16 ):        Velocity(1): (648766200, 47990252)
boid_manager.cpp( 70:16 ):     AvgPosition(1): (474929820, 35131304)
boid_manager.cpp( 72:16 ):     AvgVelocity(1): (0, 0)
boid_manager.cpp( 75:16 ):  BufferDistance(1): (0, 0)
boid_manager.cpp( 77:16 ): BoundedVelocity(1): (-1, -1)
boid_manager.cpp( 67:16 ):        Velocity(0): (2421228500, 179102060)
boid_manager.cpp( 70:16 ):     AvgPosition(0): (1772462200, 131111810)
boid_manager.cpp( 72:16 ):     AvgVelocity(0): (0, 0)
boid_manager.cpp( 75:16 ):  BufferDistance(0): (0, 0)
boid_manager.cpp( 77:16 ): BoundedVelocity(0): (-1, -1)
boid_manager.cpp( 67:16 ):        Velocity(1): (2421228500, 179102060)
boid_manager.cpp( 70:16 ):     AvgPosition(1): (1772462200, 131111810)
boid_manager.cpp( 72:16 ):     AvgVelocity(1): (0, 0)
boid_manager.cpp( 75:16 ):  BufferDistance(1): (0, 0)
boid_manager.cpp( 77:16 ): BoundedVelocity(1): (-1, -1)
boid_manager.cpp( 67:16 ):        Velocity(0): (9036148000, 668418000)
boid_manager.cpp( 70:16 ):     AvgPosition(0): (6614919000, 489315940)
boid_manager.cpp( 72:16 ):     AvgVelocity(0): (0, 0)
boid_manager.cpp( 75:16 ):  BufferDistance(0): (0, 0)
boid_manager.cpp( 77:16 ): BoundedVelocity(0): (-1, -1)
boid_manager.cpp( 67:16 ):        Velocity(1): (9036148000, 668418000)
boid_manager.cpp( 70:16 ):     AvgPosition(1): (6614919000, 489315940)
boid_manager.cpp( 72:16 ):     AvgVelocity(1): (0, 0)
boid_manager.cpp( 75:16 ):  BufferDistance(1): (0, 0)
boid_manager.cpp( 77:16 ): BoundedVelocity(1): (-1, -1)
boid_manager.cpp( 67:16 ):        Velocity(0): (33723363000, 2494570000)
boid_manager.cpp( 70:16 ):     AvgPosition(0): (24687215000, 1826152000)
boid_manager.cpp( 72:16 ):     AvgVelocity(0): (0, 0)
boid_manager.cpp( 75:16 ):  BufferDistance(0): (0, 64)
boid_manager.cpp( 77:16 ): BoundedVelocity(0): (-1, -1)
boid_manager.cpp( 67:16 ):        Velocity(1): (33723363000, 2494570000)
boid_manager.cpp( 70:16 ):     AvgPosition(1): (24687215000, 1826152000)
boid_manager.cpp( 72:16 ):     AvgVelocity(1): (0, 0)
boid_manager.cpp( 75:16 ):  BufferDistance(1): (0, 0)
boid_manager.cpp( 77:16 ): BoundedVelocity(1): (-1, -1)
boid_manager.cpp( 67:16 ):        Velocity(0): (125857300000, 9309862000)
boid_manager.cpp( 70:16 ):     AvgPosition(0): (92133940000, 6815292000)
boid_manager.cpp( 72:16 ):     AvgVelocity(0): (0, 0)
boid_manager.cpp( 75:16 ):  BufferDistance(0): (0, 0)
boid_manager.cpp( 77:16 ): BoundedVelocity(0): (-1, -1)
boid_manager.cpp( 67:16 ):        Velocity(1): (125857300000, 9309862000)
boid_manager.cpp( 70:16 ):     AvgPosition(1): (92133940000, 6815292000)
boid_manager.cpp( 72:16 ):     AvgVelocity(1): (0, 0)
boid_manager.cpp( 75:16 ):  BufferDistance(1): (0, 0)
boid_manager.cpp( 77:16 ): BoundedVelocity(1): (-1, -1)
boid_manager.cpp( 67:16 ):        Velocity(0): (469705850000, 34744877000)
boid_manager.cpp( 70:16 ):     AvgPosition(0): (343848550000, 25435015000)
boid_manager.cpp( 72:16 ):     AvgVelocity(0): (0, 0)
boid_manager.cpp( 75:16 ):  BufferDistance(0): (0, 0)
boid_manager.cpp( 77:16 ): BoundedVelocity(0): (-1, -1)
boid_manager.cpp( 67:16 ):        Velocity(1): (469705850000, 34744877000)
boid_manager.cpp( 70:16 ):     AvgPosition(1): (343848550000, 25435015000)
boid_manager.cpp( 72:16 ):     AvgVelocity(1): (0, 0)
boid_manager.cpp( 75:16 ):  BufferDistance(1): (0, 0)
boid_manager.cpp( 77:16 ): BoundedVelocity(1): (-1, -1)
boid_manager.cpp( 67:16 ):        Velocity(0): (1752966100000, 129669644000)
boid_manager.cpp( 70:16 ):     AvgPosition(0): (1283260300000, 94924770000)
boid_manager.cpp( 72:16 ):     AvgVelocity(0): (0, 0)
boid_manager.cpp( 75:16 ):  BufferDistance(0): (0, 0)
boid_manager.cpp( 77:16 ): BoundedVelocity(0): (-1, -1)
boid_manager.cpp( 67:16 ):        Velocity(1): (1752966100000, 129669644000)
boid_manager.cpp( 70:16 ):     AvgPosition(1): (1283260300000, 94924770000)
boid_manager.cpp( 72:16 ):     AvgVelocity(1): (0, 0)
boid_manager.cpp( 75:16 ):  BufferDistance(1): (0, 0)
boid_manager.cpp( 77:16 ): BoundedVelocity(1): (-1, -1)
boid_manager.cpp( 67:16 ):        Velocity(0): (6542159000000, 483933700000)
boid_manager.cpp( 70:16 ):     AvgPosition(0): (4789192600000, 354264060000)
boid_manager.cpp( 72:16 ):     AvgVelocity(0): (0, 0)
boid_manager.cpp( 75:16 ):  BufferDistance(0): (0, 0)
boid_manager.cpp( 77:16 ): BoundedVelocity(0): (-1, -1)
boid_manager.cpp( 67:16 ):        Velocity(1): (6542159000000, 483933700000)
boid_manager.cpp( 70:16 ):     AvgPosition(1): (4789192600000, 354264060000)
boid_manager.cpp( 72:16 ):     AvgVelocity(1): (0, 0)
boid_manager.cpp( 75:16 ):  BufferDistance(1): (0, 0)
boid_manager.cpp( 77:16 ): BoundedVelocity(1): (-1, -1)
boid_manager.cpp( 67:16 ):        Velocity(0): (24415669000000, 1806065100000)
boid_manager.cpp( 70:16 ):     AvgPosition(0): (17873510000000, 1322131400000)
boid_manager.cpp( 72:16 ):     AvgVelocity(0): (0, 0)
boid_manager.cpp( 75:16 ):  BufferDistance(0): (0, 0)
boid_manager.cpp( 77:16 ): BoundedVelocity(0): (-1, -1)
boid_manager.cpp( 67:16 ):        Velocity(1): (24415669000000, 1806065100000)
boid_manager.cpp( 70:16 ):     AvgPosition(1): (17873510000000, 1322131400000)
boid_manager.cpp( 72:16 ):     AvgVelocity(1): (0, 0)
boid_manager.cpp( 75:16 ):  BufferDistance(1): (0, 0)
boid_manager.cpp( 77:16 ): BoundedVelocity(1): (-1, -1)
boid_manager.cpp( 67:16 ):        Velocity(0): (91120520000000, 6740327000000)
boid_manager.cpp( 70:16 ):     AvgPosition(0): (66704848000000, 4934261500000)
boid_manager.cpp( 72:16 ):     AvgVelocity(0): (0, 0)
boid_manager.cpp( 75:16 ):  BufferDistance(0): (0, 0)
boid_manager.cpp( 77:16 ): BoundedVelocity(0): (-1, -1)
boid_manager.cpp( 67:16 ):        Velocity(1): (91120520000000, 6740327000000)
boid_manager.cpp( 70:16 ):     AvgPosition(1): (66704848000000, 4934261500000)
boid_manager.cpp( 72:16 ):     AvgVelocity(1): (0, 0)
boid_manager.cpp( 75:16 ):  BufferDistance(1): (0, 0)
boid_manager.cpp( 77:16 ): BoundedVelocity(1): (-1, -1)
boid_manager.cpp( 67:16 ):        Velocity(0): (340066400000000, 25155242000000)
boid_manager.cpp( 70:16 ):     AvgPosition(0): (248945880000000, 18414916000000)
boid_manager.cpp( 72:16 ):     AvgVelocity(0): (0, 0)
boid_manager.cpp( 75:16 ):  BufferDistance(0): (0, 0)
boid_manager.cpp( 77:16 ): BoundedVelocity(0): (-1, -1)
boid_manager.cpp( 67:16 ):        Velocity(1): (340066400000000, 25155242000000)
boid_manager.cpp( 70:16 ):     AvgPosition(1): (248945880000000, 18414916000000)
boid_manager.cpp( 72:16 ):     AvgVelocity(1): (0, 0)
boid_manager.cpp( 75:16 ):  BufferDistance(1): (0, 0)
boid_manager.cpp( 77:16 ): BoundedVelocity(1): (-1, -1)
boid_manager.cpp( 67:16 ):        Velocity(0): (1269145100000000, 93880640000000)
boid_manager.cpp( 70:16 ):     AvgPosition(0): (929078700000000, 68725400000000)
boid_manager.cpp( 72:16 ):     AvgVelocity(0): (0, 0)
boid_manager.cpp( 75:16 ):  BufferDistance(0): (0, 0)
boid_manager.cpp( 77:16 ): BoundedVelocity(0): (-1, -1)
boid_manager.cpp( 67:16 ):        Velocity(1): (1269145100000000, 93880640000000)
boid_manager.cpp( 70:16 ):     AvgPosition(1): (929078700000000, 68725400000000)
boid_manager.cpp( 72:16 ):     AvgVelocity(1): (0, 0)
boid_manager.cpp( 75:16 ):  BufferDistance(1): (0, 0)
boid_manager.cpp( 77:16 ): BoundedVelocity(1): (-1, -1)
boid_manager.cpp( 67:16 ):        Velocity(0): (4736514000000000, 350367330000000)
boid_manager.cpp( 70:16 ):     AvgPosition(0): (3467369000000000, 256486670000000)
boid_manager.cpp( 72:16 ):     AvgVelocity(0): (0, 0)
boid_manager.cpp( 75:16 ):  BufferDistance(0): (0, 0)
boid_manager.cpp( 77:16 ): BoundedVelocity(0): (-1, -1)
boid_manager.cpp( 67:16 ):        Velocity(1): (4736514000000000, 350367330000000)
boid_manager.cpp( 70:16 ):     AvgPosition(1): (3467369000000000, 256486670000000)
boid_manager.cpp( 72:16 ):     AvgVelocity(1): (0, 0)
boid_manager.cpp( 75:16 ):  BufferDistance(1): (0, 0)
boid_manager.cpp( 77:16 ): BoundedVelocity(1): (-1, -1)
boid_manager.cpp( 67:16 ):        Velocity(0): (1.7676911e+16, 1307588600000000)
boid_manager.cpp( 70:16 ):     AvgPosition(0): (1.2940397e+16, 957221300000000)
boid_manager.cpp( 72:16 ):     AvgVelocity(0): (0, 0)
boid_manager.cpp( 75:16 ):  BufferDistance(0): (0, 0)
boid_manager.cpp( 77:16 ): BoundedVelocity(0): (-1, -1)
boid_manager.cpp( 67:16 ):        Velocity(1): (1.7676911e+16, 1307588600000000)
boid_manager.cpp( 70:16 ):     AvgPosition(1): (1.2940397e+16, 957221300000000)
boid_manager.cpp( 72:16 ):     AvgVelocity(1): (0, 0)
boid_manager.cpp( 75:16 ):  BufferDistance(1): (0, 0)
boid_manager.cpp( 77:16 ): BoundedVelocity(1): (-1, -1)
boid_manager.cpp( 67:16 ):        Velocity(0): (6.5971127e+16, 4879987000000000)
boid_manager.cpp( 70:16 ):     AvgPosition(0): (4.829422e+16, 3572398400000000)
boid_manager.cpp( 72:16 ):     AvgVelocity(0): (0, 0)
boid_manager.cpp( 75:16 ):  BufferDistance(0): (0, 0)
boid_manager.cpp( 77:16 ): BoundedVelocity(0): (-1, -1)
boid_manager.cpp( 67:16 ):        Velocity(1): (6.5971127e+16, 4879987000000000)
boid_manager.cpp( 70:16 ):     AvgPosition(1): (4.829422e+16, 3572398400000000)
boid_manager.cpp( 72:16 ):     AvgVelocity(1): (0, 0)
boid_manager.cpp( 75:16 ):  BufferDistance(1): (0, 0)
boid_manager.cpp( 77:16 ): BoundedVelocity(1): (-1, -1)
boid_manager.cpp( 67:16 ):        Velocity(0): (2.4620761e+17, 1.8212358e+16)
boid_manager.cpp( 70:16 ):     AvgPosition(0): (1.8023648e+17, 1.3332372e+16)
boid_manager.cpp( 72:16 ):     AvgVelocity(0): (0, 0)
boid_manager.cpp( 75:16 ):  BufferDistance(0): (0, 0)
boid_manager.cpp( 77:16 ): BoundedVelocity(0): (-1, -1)
boid_manager.cpp( 67:16 ):        Velocity(1): (2.4620761e+17, 1.8212358e+16)
boid_manager.cpp( 70:16 ):     AvgPosition(1): (1.8023648e+17, 1.3332372e+16)
boid_manager.cpp( 72:16 ):     AvgVelocity(1): (0, 0)
boid_manager.cpp( 75:16 ):  BufferDistance(1): (0, 0)
boid_manager.cpp( 77:16 ): BoundedVelocity(1): (-1, -1)
boid_manager.cpp( 67:16 ):        Velocity(0): (9.1885926e+17, 6.7969447e+16)
boid_manager.cpp( 70:16 ):     AvgPosition(0): (6.7265166e+17, 4.975709e+16)
boid_manager.cpp( 72:16 ):     AvgVelocity(0): (0, 0)
boid_manager.cpp( 75:16 ):  BufferDistance(0): (0, 0)
boid_manager.cpp( 77:16 ): BoundedVelocity(0): (-1, -1)
boid_manager.cpp( 67:16 ):        Velocity(1): (9.1885926e+17, 6.7969447e+16)
boid_manager.cpp( 70:16 ):     AvgPosition(1): (6.7265166e+17, 4.975709e+16)
boid_manager.cpp( 72:16 ):     AvgVelocity(1): (0, 0)
boid_manager.cpp( 75:16 ):  BufferDistance(1): (0, 0)
boid_manager.cpp( 77:16 ): BoundedVelocity(1): (-1, -1)
boid_manager.cpp( 67:16 ):        Velocity(0): (3.4292294e+18, 2.5366544e+17)
boid_manager.cpp( 70:16 ):     AvgPosition(0): (2.5103703e+18, 1.8569599e+17)
boid_manager.cpp( 72:16 ):     AvgVelocity(0): (0, 0)
boid_manager.cpp( 75:16 ):  BufferDistance(0): (0, 0)
boid_manager.cpp( 77:16 ): BoundedVelocity(0): (-1, -1)
boid_manager.cpp( 67:16 ):        Velocity(1): (3.4292294e+18, 2.5366544e+17)
boid_manager.cpp( 70:16 ):     AvgPosition(1): (2.5103703e+18, 1.8569599e+17)
boid_manager.cpp( 72:16 ):     AvgVelocity(1): (0, 0)
boid_manager.cpp( 75:16 ):  BufferDistance(1): (0, 0)
boid_manager.cpp( 77:16 ): BoundedVelocity(1): (-1, -1)
boid_manager.cpp( 67:16 ):        Velocity(0): (1.2798058e+19, 9.466923e+17)
boid_manager.cpp( 70:16 ):     AvgPosition(0): (9.368829e+18, 6.9302685e+17)
boid_manager.cpp( 72:16 ):     AvgVelocity(0): (0, 0)
boid_manager.cpp( 75:16 ):  BufferDistance(0): (0, 0)
boid_manager.cpp( 77:16 ): BoundedVelocity(0): (-1, -1)
boid_manager.cpp( 67:16 ):        Velocity(1): (1.2798058e+19, 9.466923e+17)
boid_manager.cpp( 70:16 ):     AvgPosition(1): (9.368829e+18, 6.9302685e+17)
boid_manager.cpp( 72:16 ):     AvgVelocity(1): (0, 0)
boid_manager.cpp( 75:16 ):  BufferDistance(1): (0, 0)
boid_manager.cpp( 77:16 ): BoundedVelocity(1): (-1, -1)
boid_manager.cpp( 67:16 ):        Velocity(0): (4.7763005e+19, 3.5331036e+18)
boid_manager.cpp( 70:16 ):     AvgPosition(0): (3.4964945e+19, 2.5864114e+18)
boid_manager.cpp( 72:16 ):     AvgVelocity(0): (0, 0)
boid_manager.cpp( 75:16 ):  BufferDistance(0): (0, 0)
boid_manager.cpp( 77:16 ): BoundedVelocity(0): (-1, -1)
boid_manager.cpp( 67:16 ):        Velocity(1): (4.7763005e+19, 3.5331036e+18)
boid_manager.cpp( 70:16 ):     AvgPosition(1): (3.4964945e+19, 2.5864114e+18)
boid_manager.cpp( 72:16 ):     AvgVelocity(1): (0, 0)
boid_manager.cpp( 75:16 ):  BufferDistance(1): (0, 0)
boid_manager.cpp( 77:16 ): BoundedVelocity(1): (-1, -1)
boid_manager.cpp( 67:16 ):        Velocity(0): (1.7825395e+20, 1.3185723e+19)
boid_manager.cpp( 70:16 ):     AvgPosition(0): (1.30490955e+20, 9.652619e+18)
boid_manager.cpp( 72:16 ):     AvgVelocity(0): (0, 0)
boid_manager.cpp( 75:16 ):  BufferDistance(0): (0, 0)
boid_manager.cpp( 77:16 ): BoundedVelocity(0): (-1, -1)
boid_manager.cpp( 67:16 ):        Velocity(1): (1.7825395e+20, 1.3185723e+19)
boid_manager.cpp( 70:16 ):     AvgPosition(1): (1.30490955e+20, 9.652619e+18)
boid_manager.cpp( 72:16 ):     AvgVelocity(1): (0, 0)
boid_manager.cpp( 75:16 ):  BufferDistance(1): (0, 0)
boid_manager.cpp( 77:16 ): BoundedVelocity(1): (-1, -1)
boid_manager.cpp( 67:16 ):        Velocity(0): (6.652528e+20, 4.9209786e+19)
boid_manager.cpp( 70:16 ):     AvgPosition(0): (4.8699886e+20, 3.6024065e+19)
boid_manager.cpp( 72:16 ):     AvgVelocity(0): (0, 0)
boid_manager.cpp( 75:16 ):  BufferDistance(0): (0, 0)
boid_manager.cpp( 77:16 ): BoundedVelocity(0): (-1, -1)
boid_manager.cpp( 67:16 ):        Velocity(1): (6.652528e+20, 4.9209786e+19)
boid_manager.cpp( 70:16 ):     AvgPosition(1): (4.8699886e+20, 3.6024065e+19)
boid_manager.cpp( 72:16 ):     AvgVelocity(1): (0, 0)
boid_manager.cpp( 75:16 ):  BufferDistance(1): (0, 0)
boid_manager.cpp( 77:16 ): BoundedVelocity(1): (-1, -1)
boid_manager.cpp( 67:16 ):        Velocity(0): (2.4827574e+21, 1.8365342e+20)
boid_manager.cpp( 70:16 ):     AvgPosition(0): (1.8175045e+21, 1.3444364e+20)
boid_manager.cpp( 72:16 ):     AvgVelocity(0): (0, 0)
boid_manager.cpp( 75:16 ):  BufferDistance(0): (0, 0)
boid_manager.cpp( 77:16 ): BoundedVelocity(0): (-1, -1)
boid_manager.cpp( 67:16 ):        Velocity(1): (2.4827574e+21, 1.8365342e+20)
boid_manager.cpp( 70:16 ):     AvgPosition(1): (1.8175045e+21, 1.3444364e+20)
boid_manager.cpp( 72:16 ):     AvgVelocity(1): (0, 0)
boid_manager.cpp( 75:16 ):  BufferDistance(1): (0, 0)
boid_manager.cpp( 77:16 ): BoundedVelocity(1): (-1, -1)
boid_manager.cpp( 67:16 ):        Velocity(0): (9.265776e+21, 6.854039e+20)
boid_manager.cpp( 70:16 ):     AvgPosition(0): (6.783019e+21, 5.0175047e+20)
boid_manager.cpp( 72:16 ):     AvgVelocity(0): (0, 0)
boid_manager.cpp( 75:16 ):  BufferDistance(0): (0, 0)
boid_manager.cpp( 77:16 ): BoundedVelocity(0): (-1, -1)
boid_manager.cpp( 67:16 ):        Velocity(1): (9.265776e+21, 6.854039e+20)
boid_manager.cpp( 70:16 ):     AvgPosition(1): (6.783019e+21, 5.0175047e+20)
boid_manager.cpp( 72:16 ):     AvgVelocity(1): (0, 0)
boid_manager.cpp( 75:16 ):  BufferDistance(1): (0, 0)
boid_manager.cpp( 77:16 ): BoundedVelocity(1): (-1, -1)
boid_manager.cpp( 67:16 ):        Velocity(0): (3.4580347e+22, 2.557962e+21)
boid_manager.cpp( 70:16 ):     AvgPosition(0): (2.5314571e+22, 1.8725582e+21)
boid_manager.cpp( 72:16 ):     AvgVelocity(0): (0, 0)
boid_manager.cpp( 75:16 ):  BufferDistance(0): (0, 0)
boid_manager.cpp( 77:16 ): BoundedVelocity(0): (-1, -1)
boid_manager.cpp( 67:16 ):        Velocity(1): (3.4580347e+22, 2.557962e+21)
boid_manager.cpp( 70:16 ):     AvgPosition(1): (2.5314571e+22, 1.8725582e+21)
boid_manager.cpp( 72:16 ):     AvgVelocity(1): (0, 0)
boid_manager.cpp( 75:16 ):  BufferDistance(1): (0, 0)
boid_manager.cpp( 77:16 ): BoundedVelocity(1): (-1, -1)
boid_manager.cpp( 67:16 ):        Velocity(0): (1.2905562e+23, 9.546445e+21)
boid_manager.cpp( 70:16 ):     AvgPosition(0): (9.447527e+22, 6.988482e+21)
boid_manager.cpp( 72:16 ):     AvgVelocity(0): (0, 0)
boid_manager.cpp( 75:16 ):  BufferDistance(0): (0, 0)
boid_manager.cpp( 77:16 ): BoundedVelocity(0): (-1, -1)
boid_manager.cpp( 67:16 ):        Velocity(1): (1.2905562e+23, 9.546445e+21)
boid_manager.cpp( 70:16 ):     AvgPosition(1): (9.447527e+22, 6.988482e+21)
boid_manager.cpp( 72:16 ):     AvgVelocity(1): (0, 0)
boid_manager.cpp( 75:16 ):  BufferDistance(1): (0, 0)
boid_manager.cpp( 77:16 ): BoundedVelocity(1): (-1, -1)
boid_manager.cpp( 67:16 ):        Velocity(0): (4.8164215e+23, 3.5627817e+22)
boid_manager.cpp( 70:16 ):     AvgPosition(0): (3.5258653e+23, 2.6081372e+22)
boid_manager.cpp( 72:16 ):     AvgVelocity(0): (0, 0)
boid_manager.cpp( 75:16 ):  BufferDistance(0): (0, 0)
boid_manager.cpp( 77:16 ): BoundedVelocity(0): (-1, -1)
boid_manager.cpp( 67:16 ):        Velocity(1): (4.8164215e+23, 3.5627817e+22)
boid_manager.cpp( 70:16 ):     AvgPosition(1): (3.5258653e+23, 2.6081372e+22)
boid_manager.cpp( 72:16 ):     AvgVelocity(1): (0, 0)
boid_manager.cpp( 75:16 ):  BufferDistance(1): (0, 0)
boid_manager.cpp( 77:16 ): BoundedVelocity(1): (-1, -1)
boid_manager.cpp( 67:16 ):        Velocity(0): (1.797513e+24, 1.3296482e+23)
boid_manager.cpp( 70:16 ):     AvgPosition(0): (1.3158708e+24, 9.7337e+22)
boid_manager.cpp( 72:16 ):     AvgVelocity(0): (0, 0)
boid_manager.cpp( 75:16 ):  BufferDistance(0): (0, 0)
boid_manager.cpp( 77:16 ): BoundedVelocity(0): (-1, -1)
boid_manager.cpp( 67:16 ):        Velocity(1): (1.797513e+24, 1.3296482e+23)
boid_manager.cpp( 70:16 ):     AvgPosition(1): (1.3158708e+24, 9.7337e+22)
boid_manager.cpp( 72:16 ):     AvgVelocity(1): (0, 0)
boid_manager.cpp( 75:16 ):  BufferDistance(1): (0, 0)
boid_manager.cpp( 77:16 ): BoundedVelocity(1): (-1, -1)
boid_manager.cpp( 67:16 ):        Velocity(0): (6.70841e+24, 4.9623143e+23)
boid_manager.cpp( 70:16 ):     AvgPosition(0): (4.910897e+24, 3.632666e+23)
boid_manager.cpp( 72:16 ):     AvgVelocity(0): (0, 0)
boid_manager.cpp( 75:16 ):  BufferDistance(0): (0, 0)
boid_manager.cpp( 77:16 ): BoundedVelocity(0): (-1, -1)
boid_manager.cpp( 67:16 ):        Velocity(1): (6.70841e+24, 4.9623143e+23)
boid_manager.cpp( 70:16 ):     AvgPosition(1): (4.910897e+24, 3.632666e+23)
boid_manager.cpp( 72:16 ):     AvgVelocity(1): (0, 0)
boid_manager.cpp( 75:16 ):  BufferDistance(1): (0, 0)
boid_manager.cpp( 77:16 ): BoundedVelocity(1): (-1, -1)
boid_manager.cpp( 67:16 ):        Velocity(0): (2.5036126e+25, 1.8519609e+24)
boid_manager.cpp( 70:16 ):     AvgPosition(0): (1.8327716e+25, 1.3557295e+24)
boid_manager.cpp( 72:16 ):     AvgVelocity(0): (0, 0)
boid_manager.cpp( 75:16 ):  BufferDistance(0): (0, 0)
boid_manager.cpp( 77:16 ): BoundedVelocity(0): (-1, -1)
boid_manager.cpp( 67:16 ):        Velocity(1): (2.5036126e+25, 1.8519609e+24)
boid_manager.cpp( 70:16 ):     AvgPosition(1): (1.8327716e+25, 1.3557295e+24)
boid_manager.cpp( 72:16 ):     AvgVelocity(1): (0, 0)
boid_manager.cpp( 75:16 ):  BufferDistance(1): (0, 0)
boid_manager.cpp( 77:16 ): BoundedVelocity(1): (-1, -1)
boid_manager.cpp( 67:16 ):        Velocity(0): (9.34361e+25, 6.911612e+24)
boid_manager.cpp( 70:16 ):     AvgPosition(0): (6.839997e+25, 5.0596514e+24)
boid_manager.cpp( 72:16 ):     AvgVelocity(0): (0, 0)
boid_manager.cpp( 75:16 ):  BufferDistance(0): (0, 0)
boid_manager.cpp( 77:16 ): BoundedVelocity(0): (-1, -1)
boid_manager.cpp( 67:16 ):        Velocity(1): (9.34361e+25, 6.911612e+24)
boid_manager.cpp( 70:16 ):     AvgPosition(1): (6.839997e+25, 5.0596514e+24)
boid_manager.cpp( 72:16 ):     AvgVelocity(1): (0, 0)
boid_manager.cpp( 75:16 ):  BufferDistance(1): (0, 0)
boid_manager.cpp( 77:16 ): BoundedVelocity(1): (-1, -1)
boid_manager.cpp( 67:16 ):        Velocity(0): (3.4870825e+26, 2.5794488e+25)
boid_manager.cpp( 70:16 ):     AvgPosition(0): (2.5527217e+26, 1.8882876e+25)
boid_manager.cpp( 72:16 ):     AvgVelocity(0): (0, 0)
boid_manager.cpp( 75:16 ):  BufferDistance(0): (0, 0)
boid_manager.cpp( 77:16 ): BoundedVelocity(0): (-1, -1)
boid_manager.cpp( 67:16 ):        Velocity(1): (3.4870825e+26, 2.5794488e+25)
boid_manager.cpp( 70:16 ):     AvgPosition(1): (2.5527217e+26, 1.8882876e+25)
boid_manager.cpp( 72:16 ):     AvgVelocity(1): (0, 0)
boid_manager.cpp( 75:16 ):  BufferDistance(1): (0, 0)
boid_manager.cpp( 77:16 ): BoundedVelocity(1): (-1, -1)
boid_manager.cpp( 67:16 ):        Velocity(0): (1.3013968e+27, 9.6266345e+25)
boid_manager.cpp( 70:16 ):     AvgPosition(0): (9.526887e+26, 7.047185e+25)
boid_manager.cpp( 72:16 ):     AvgVelocity(0): (0, 0)
boid_manager.cpp( 75:16 ):  BufferDistance(0): (0, 0)
boid_manager.cpp( 77:16 ): BoundedVelocity(0): (-1, -1)
boid_manager.cpp( 67:16 ):        Velocity(1): (1.3013968e+27, 9.6266345e+25)
boid_manager.cpp( 70:16 ):     AvgPosition(1): (9.526887e+26, 7.047185e+25)
boid_manager.cpp( 72:16 ):     AvgVelocity(1): (0, 0)
boid_manager.cpp( 75:16 ):  BufferDistance(1): (0, 0)
boid_manager.cpp( 77:16 ): BoundedVelocity(1): (-1, -1)
boid_manager.cpp( 67:16 ):        Velocity(0): (4.8568793e+27, 3.592709e+26)
boid_manager.cpp( 70:16 ):     AvgPosition(0): (3.5554824e+27, 2.6300455e+26)
boid_manager.cpp( 72:16 ):     AvgVelocity(0): (0, 0)
boid_manager.cpp( 75:16 ):  BufferDistance(0): (0, 0)
boid_manager.cpp( 77:16 ): BoundedVelocity(0): (-1, -1)
boid_manager.cpp( 67:16 ):        Velocity(1): (4.8568793e+27, 3.592709e+26)
boid_manager.cpp( 70:16 ):     AvgPosition(1): (3.5554824e+27, 2.6300455e+26)
boid_manager.cpp( 72:16 ):     AvgVelocity(1): (0, 0)
boid_manager.cpp( 75:16 ):  BufferDistance(1): (0, 0)
boid_manager.cpp( 77:16 ): BoundedVelocity(1): (-1, -1)
boid_manager.cpp( 67:16 ):        Velocity(0): (1.812612e+28, 1.3408172e+27)
boid_manager.cpp( 70:16 ):     AvgPosition(0): (1.3269241e+28, 9.815463e+26)
boid_manager.cpp( 72:16 ):     AvgVelocity(0): (0, 0)
boid_manager.cpp( 75:16 ):  BufferDistance(0): (0, 0)
boid_manager.cpp( 77:16 ): BoundedVelocity(0): (-1, -1)
boid_manager.cpp( 67:16 ):        Velocity(1): (1.812612e+28, 1.3408172e+27)
boid_manager.cpp( 70:16 ):     AvgPosition(1): (1.3269241e+28, 9.815463e+26)
boid_manager.cpp( 72:16 ):     AvgVelocity(1): (0, 0)
boid_manager.cpp( 75:16 ):  BufferDistance(1): (0, 0)
boid_manager.cpp( 77:16 ): BoundedVelocity(1): (-1, -1)
boid_manager.cpp( 67:16 ):        Velocity(0): (6.76476e+28, 5.003998e+27)
boid_manager.cpp( 70:16 ):     AvgPosition(0): (4.9521483e+28, 3.6631807e+27)
boid_manager.cpp( 72:16 ):     AvgVelocity(0): (0, 0)
boid_manager.cpp( 75:16 ):  BufferDistance(0): (0, 0)
boid_manager.cpp( 77:16 ): BoundedVelocity(0): (-1, -1)
boid_manager.cpp( 67:16 ):        Velocity(1): (6.76476e+28, 5.003998e+27)
boid_manager.cpp( 70:16 ):     AvgPosition(1): (4.9521483e+28, 3.6631807e+27)
boid_manager.cpp( 72:16 ):     AvgVelocity(1): (0, 0)
boid_manager.cpp( 75:16 ):  BufferDistance(1): (0, 0)
boid_manager.cpp( 77:16 ): BoundedVelocity(1): (-1, -1)
boid_manager.cpp( 67:16 ):        Velocity(0): (2.5246429e+29, 1.8675174e+28)
boid_manager.cpp( 70:16 ):     AvgPosition(0): (1.8481669e+29, 1.3671177e+28)
boid_manager.cpp( 72:16 ):     AvgVelocity(0): (0, 0)
boid_manager.cpp( 75:16 ):  BufferDistance(0): (0, 0)
boid_manager.cpp( 77:16 ): BoundedVelocity(0): (-1, -1)
boid_manager.cpp( 67:16 ):        Velocity(1): (2.5246429e+29, 1.8675174e+28)
boid_manager.cpp( 70:16 ):     AvgPosition(1): (1.8481669e+29, 1.3671177e+28)
boid_manager.cpp( 72:16 ):     AvgVelocity(1): (0, 0)
boid_manager.cpp( 75:16 ):  BufferDistance(1): (0, 0)
boid_manager.cpp( 77:16 ): BoundedVelocity(1): (-1, -1)
boid_manager.cpp( 67:16 ):        Velocity(0): (9.422095e+29, 6.96967e+28)
boid_manager.cpp( 70:16 ):     AvgPosition(0): (6.897452e+29, 5.1021524e+28)
boid_manager.cpp( 72:16 ):     AvgVelocity(0): (0, 0)
boid_manager.cpp( 75:16 ):  BufferDistance(0): (0, 0)
boid_manager.cpp( 77:16 ): BoundedVelocity(0): (-1, -1)
boid_manager.cpp( 67:16 ):        Velocity(1): (9.422095e+29, 6.96967e+28)
boid_manager.cpp( 70:16 ):     AvgPosition(1): (6.897452e+29, 5.1021524e+28)
boid_manager.cpp( 72:16 ):     AvgVelocity(1): (0, 0)
boid_manager.cpp( 75:16 ):  BufferDistance(1): (0, 0)
boid_manager.cpp( 77:16 ): BoundedVelocity(1): (-1, -1)
boid_manager.cpp( 67:16 ):        Velocity(0): (3.5163738e+30, 2.6011161e+29)
boid_manager.cpp( 70:16 ):     AvgPosition(0): (2.5741642e+30, 1.9041492e+29)
boid_manager.cpp( 72:16 ):     AvgVelocity(0): (0, 0)
boid_manager.cpp( 75:16 ):  BufferDistance(0): (0, 0)
boid_manager.cpp( 77:16 ): BoundedVelocity(0): (-1, -1)
boid_manager.cpp( 67:16 ):        Velocity(1): (3.5163738e+30, 2.6011161e+29)
boid_manager.cpp( 70:16 ):     AvgPosition(1): (2.5741642e+30, 1.9041492e+29)
boid_manager.cpp( 72:16 ):     AvgVelocity(1): (0, 0)
boid_manager.cpp( 75:16 ):  BufferDistance(1): (0, 0)
boid_manager.cpp( 77:16 ): BoundedVelocity(1): (-1, -1)
boid_manager.cpp( 67:16 ):        Velocity(0): (1.3123285e+31, 9.7074975e+29)
boid_manager.cpp( 70:16 ):     AvgPosition(0): (9.6069116e+30, 7.106382e+29)
boid_manager.cpp( 72:16 ):     AvgVelocity(0): (0, 0)
boid_manager.cpp( 75:16 ):  BufferDistance(0): (0, 0)
boid_manager.cpp( 77:16 ): BoundedVelocity(0): (-1, -1)
boid_manager.cpp( 67:16 ):        Velocity(1): (1.3123285e+31, 9.7074975e+29)
boid_manager.cpp( 70:16 ):     AvgPosition(1): (9.6069116e+30, 7.106382e+29)
boid_manager.cpp( 72:16 ):     AvgVelocity(1): (0, 0)
boid_manager.cpp( 75:16 ):  BufferDistance(1): (0, 0)
boid_manager.cpp( 77:16 ): BoundedVelocity(1): (-1, -1)
boid_manager.cpp( 67:16 ):        Velocity(0): (4.8976767e+31, 3.6228877e+30)
boid_manager.cpp( 70:16 ):     AvgPosition(0): (3.585348e+31, 2.6521378e+30)
boid_manager.cpp( 72:16 ):     AvgVelocity(0): (0, 0)
boid_manager.cpp( 75:16 ):  BufferDistance(0): (0, 0)
boid_manager.cpp( 77:16 ): BoundedVelocity(0): (-1, -1)
boid_manager.cpp( 67:16 ):        Velocity(1): (4.8976767e+31, 3.6228877e+30)
boid_manager.cpp( 70:16 ):     AvgPosition(1): (3.585348e+31, 2.6521378e+30)
boid_manager.cpp( 72:16 ):     AvgVelocity(1): (0, 0)
boid_manager.cpp( 75:16 ):  BufferDistance(1): (0, 0)
boid_manager.cpp( 77:16 ): BoundedVelocity(1): (-1, -1)
boid_manager.cpp( 67:16 ):        Velocity(0): (1.8278378e+32, 1.35208e+31)
boid_manager.cpp( 70:16 ):     AvgPosition(0): (1.3380701e+32, 9.8979133e+30)
boid_manager.cpp( 72:16 ):     AvgVelocity(0): (0, 0)
boid_manager.cpp( 75:16 ):  BufferDistance(0): (0, 0)
boid_manager.cpp( 77:16 ): BoundedVelocity(0): (-1, -1)
boid_manager.cpp( 67:16 ):        Velocity(1): (1.8278378e+32, 1.35208e+31)
boid_manager.cpp( 70:16 ):     AvgPosition(1): (1.3380701e+32, 9.8979133e+30)
boid_manager.cpp( 72:16 ):     AvgVelocity(1): (0, 0)
boid_manager.cpp( 75:16 ):  BufferDistance(1): (0, 0)
boid_manager.cpp( 77:16 ): BoundedVelocity(1): (-1, -1)
boid_manager.cpp( 67:16 ):        Velocity(0): (6.8215835e+32, 5.046031e+31)
boid_manager.cpp( 70:16 ):     AvgPosition(0): (4.9937457e+32, 3.6939514e+31)
boid_manager.cpp( 72:16 ):     AvgVelocity(0): (0, 0)
boid_manager.cpp( 75:16 ):  BufferDistance(0): (0, 0)
boid_manager.cpp( 77:16 ): BoundedVelocity(0): (-1, -1)
boid_manager.cpp( 67:16 ):        Velocity(1): (6.8215835e+32, 5.046031e+31)
boid_manager.cpp( 70:16 ):     AvgPosition(1): (4.9937457e+32, 3.6939514e+31)
boid_manager.cpp( 72:16 ):     AvgVelocity(1): (0, 0)
boid_manager.cpp( 75:16 ):  BufferDistance(1): (0, 0)
boid_manager.cpp( 77:16 ): BoundedVelocity(1): (-1, -1)
boid_manager.cpp( 67:16 ):        Velocity(0): (2.5458495e+33, 1.8832045e+32)
boid_manager.cpp( 70:16 ):     AvgPosition(0): (1.8636912e+33, 1.3786014e+32)
boid_manager.cpp( 72:16 ):     AvgVelocity(0): (0, 0)
boid_manager.cpp( 75:16 ):  BufferDistance(0): (0, 0)
boid_manager.cpp( 77:16 ): BoundedVelocity(0): (-1, -1)
boid_manager.cpp( 67:16 ):        Velocity(1): (2.5458495e+33, 1.8832045e+32)
boid_manager.cpp( 70:16 ):     AvgPosition(1): (1.8636912e+33, 1.3786014e+32)
boid_manager.cpp( 72:16 ):     AvgVelocity(1): (0, 0)
boid_manager.cpp( 75:16 ):  BufferDistance(1): (0, 0)
boid_manager.cpp( 77:16 ): BoundedVelocity(1): (-1, -1)
boid_manager.cpp( 67:16 ):        Velocity(0): (9.50124e+33, 7.028215e+32)
boid_manager.cpp( 70:16 ):     AvgPosition(0): (6.95539e+33, 5.1450103e+32)
boid_manager.cpp( 72:16 ):     AvgVelocity(0): (0, 0)
boid_manager.cpp( 75:16 ):  BufferDistance(0): (0, 0)
boid_manager.cpp( 77:16 ): BoundedVelocity(0): (-1, -1)
boid_manager.cpp( 67:16 ):        Velocity(1): (9.50124e+33, 7.028215e+32)
boid_manager.cpp( 70:16 ):     AvgPosition(1): (6.95539e+33, 5.1450103e+32)
boid_manager.cpp( 72:16 ):     AvgVelocity(1): (0, 0)
boid_manager.cpp( 75:16 ):  BufferDistance(1): (0, 0)
boid_manager.cpp( 77:16 ): BoundedVelocity(1): (-1, -1)
boid_manager.cpp( 67:16 ):        Velocity(0): (3.545911e+34, 2.6229656e+33)
boid_manager.cpp( 70:16 ):     AvgPosition(0): (2.595787e+34, 1.920144e+33)
boid_manager.cpp( 72:16 ):     AvgVelocity(0): (0, 0)
boid_manager.cpp( 75:16 ):  BufferDistance(0): (0, 0)
boid_manager.cpp( 77:16 ): BoundedVelocity(0): (-1, -1)
boid_manager.cpp( 67:16 ):        Velocity(1): (3.545911e+34, 2.6229656e+33)
boid_manager.cpp( 70:16 ):     AvgPosition(1): (2.595787e+34, 1.920144e+33)
boid_manager.cpp( 72:16 ):     AvgVelocity(1): (0, 0)
boid_manager.cpp( 75:16 ):  BufferDistance(1): (0, 0)
boid_manager.cpp( 77:16 ): BoundedVelocity(1): (-1, -1)
boid_manager.cpp( 67:16 ):        Velocity(0): (1.323352e+35, 9.7890406e+33)
boid_manager.cpp( 70:16 ):     AvgPosition(0): (9.687609e+34, 7.166075e+33)
boid_manager.cpp( 72:16 ):     AvgVelocity(0): (0, 0)
boid_manager.cpp( 75:16 ):  BufferDistance(0): (0, 0)
boid_manager.cpp( 77:16 ): BoundedVelocity(0): (-1, -1)
boid_manager.cpp( 67:16 ):        Velocity(1): (1.323352e+35, 9.7890406e+33)
boid_manager.cpp( 70:16 ):     AvgPosition(1): (9.687609e+34, 7.166075e+33)
boid_manager.cpp( 72:16 ):     AvgVelocity(1): (0, 0)
boid_manager.cpp( 75:16 ):  BufferDistance(1): (0, 0)
boid_manager.cpp( 77:16 ): BoundedVelocity(1): (-1, -1)
