c:\users\kelson\documents\projects\boids\build\_deps\raylib-build\raylib\debug\raylib.pdb
c:\users\kelson\documents\projects\boids\build\_deps\raylib-build\raylib\raylib.dir\debug\raudio.obj
c:\users\kelson\documents\projects\boids\build\_deps\raylib-build\raylib\raylib.dir\debug\utils.obj
c:\users\kelson\documents\projects\boids\build\_deps\raylib-build\raylib\raylib.dir\debug\rtextures.obj
c:\users\kelson\documents\projects\boids\build\_deps\raylib-build\raylib\raylib.dir\debug\rtext.obj
c:\users\kelson\documents\projects\boids\build\_deps\raylib-build\raylib\raylib.dir\debug\rshapes.obj
c:\users\kelson\documents\projects\boids\build\_deps\raylib-build\raylib\raylib.dir\debug\rmodels.obj
c:\users\kelson\documents\projects\boids\build\_deps\raylib-build\raylib\raylib.dir\debug\rcore.obj
c:\users\kelson\documents\projects\boids\build\_deps\raylib-build\raylib\cmakefiles\generate.stamp
c:\users\kelson\documents\projects\boids\build\_deps\raylib-build\raylib\debug\raylib.lib
c:\users\kelson\documents\projects\boids\build\_deps\raylib-build\raylib\raylib.dir\debug\raylib.tlog\cl.command.1.tlog
c:\users\kelson\documents\projects\boids\build\_deps\raylib-build\raylib\raylib.dir\debug\raylib.tlog\cl.items.tlog
c:\users\kelson\documents\projects\boids\build\_deps\raylib-build\raylib\raylib.dir\debug\raylib.tlog\cl.read.1.tlog
c:\users\kelson\documents\projects\boids\build\_deps\raylib-build\raylib\raylib.dir\debug\raylib.tlog\cl.write.1.tlog
c:\users\kelson\documents\projects\boids\build\_deps\raylib-build\raylib\raylib.dir\debug\raylib.tlog\custombuild.command.1.tlog
c:\users\kelson\documents\projects\boids\build\_deps\raylib-build\raylib\raylib.dir\debug\raylib.tlog\custombuild.read.1.tlog
c:\users\kelson\documents\projects\boids\build\_deps\raylib-build\raylib\raylib.dir\debug\raylib.tlog\custombuild.write.1.tlog
c:\users\kelson\documents\projects\boids\build\_deps\raylib-build\raylib\raylib.dir\debug\raylib.tlog\lib-link.read.1.tlog
c:\users\kelson\documents\projects\boids\build\_deps\raylib-build\raylib\raylib.dir\debug\raylib.tlog\lib-link.write.1.tlog
c:\users\kelson\documents\projects\boids\build\_deps\raylib-build\raylib\raylib.dir\debug\raylib.tlog\lib.command.1.tlog
