c:\users\kelson\documents\projects\boids\build\boids.dir\debug\vc143.pdb
c:\users\kelson\documents\projects\boids\build\boids.dir\debug\boid.obj
c:\users\kelson\documents\projects\boids\build\boids.dir\debug\main.obj
c:\users\kelson\documents\projects\boids\build\boids.dir\debug\memory_bank.obj
c:\users\kelson\documents\projects\boids\build\boids.dir\debug\quadtree.obj
c:\users\kelson\documents\projects\boids\build\boids.dir\debug\boid_manager.obj
c:\users\kelson\documents\projects\boids\build\boids.dir\debug\editor.obj
c:\users\kelson\documents\projects\boids\build\boids.dir\debug\imgui_widgets.obj
c:\users\kelson\documents\projects\boids\build\boids.dir\debug\imgui_tables.obj
c:\users\kelson\documents\projects\boids\build\boids.dir\debug\imgui_impl_opengl3.obj
c:\users\kelson\documents\projects\boids\build\boids.dir\debug\imgui_draw.obj
c:\users\kelson\documents\projects\boids\build\boids.dir\debug\imgui_demo.obj
c:\users\kelson\documents\projects\boids\build\boids.dir\debug\imgui.obj
c:\users\kelson\documents\projects\boids\build\boids.dir\debug\simple.obj
c:\users\kelson\documents\projects\boids\build\boids.dir\debug\imgui_style_example.obj
c:\users\kelson\documents\projects\boids\build\boids.dir\debug\docking_example.obj
c:\users\kelson\documents\projects\boids\build\boids.dir\debug\item_views.obj
c:\users\kelson\documents\projects\boids\build\boids.dir\debug\imgui_utils.obj
c:\users\kelson\documents\projects\boids\build\boids.dir\debug\asset_browser.obj
c:\users\kelson\documents\projects\boids\build\boids.dir\debug\imgui_impl_win32.obj
c:\users\kelson\documents\projects\boids\build\cmakefiles\generate.stamp
c:\users\kelson\documents\projects\boids\build\debug\boids.exe
c:\users\kelson\documents\projects\boids\build\boids.dir\debug\boids.ilk
c:\users\kelson\documents\projects\boids\build\debug\boids.pdb
c:\users\kelson\documents\projects\boids\build\boids.dir\debug\boids.tlog\cl.command.1.tlog
c:\users\kelson\documents\projects\boids\build\boids.dir\debug\boids.tlog\cl.items.tlog
c:\users\kelson\documents\projects\boids\build\boids.dir\debug\boids.tlog\cl.read.1.tlog
c:\users\kelson\documents\projects\boids\build\boids.dir\debug\boids.tlog\cl.write.1.tlog
c:\users\kelson\documents\projects\boids\build\boids.dir\debug\boids.tlog\custombuild.command.1.tlog
c:\users\kelson\documents\projects\boids\build\boids.dir\debug\boids.tlog\custombuild.read.1.tlog
c:\users\kelson\documents\projects\boids\build\boids.dir\debug\boids.tlog\custombuild.write.1.tlog
c:\users\kelson\documents\projects\boids\build\boids.dir\debug\boids.tlog\link-cvtres.read.1.tlog
c:\users\kelson\documents\projects\boids\build\boids.dir\debug\boids.tlog\link-cvtres.write.1.tlog
c:\users\kelson\documents\projects\boids\build\boids.dir\debug\boids.tlog\link-rc.read.1.tlog
c:\users\kelson\documents\projects\boids\build\boids.dir\debug\boids.tlog\link-rc.write.1.tlog
c:\users\kelson\documents\projects\boids\build\boids.dir\debug\boids.tlog\link.36708-cvtres.read.1.tlog
c:\users\kelson\documents\projects\boids\build\boids.dir\debug\boids.tlog\link.36708-cvtres.write.1.tlog
c:\users\kelson\documents\projects\boids\build\boids.dir\debug\boids.tlog\link.36708-rc.read.1.tlog
c:\users\kelson\documents\projects\boids\build\boids.dir\debug\boids.tlog\link.36708-rc.write.1.tlog
c:\users\kelson\documents\projects\boids\build\boids.dir\debug\boids.tlog\link.36708.read.1.tlog
c:\users\kelson\documents\projects\boids\build\boids.dir\debug\boids.tlog\link.36708.read.2.tlog
c:\users\kelson\documents\projects\boids\build\boids.dir\debug\boids.tlog\link.36708.read.3.tlog
c:\users\kelson\documents\projects\boids\build\boids.dir\debug\boids.tlog\link.36708.read.4.tlog
c:\users\kelson\documents\projects\boids\build\boids.dir\debug\boids.tlog\link.36708.read.5.tlog
c:\users\kelson\documents\projects\boids\build\boids.dir\debug\boids.tlog\link.36708.read.6.tlog
c:\users\kelson\documents\projects\boids\build\boids.dir\debug\boids.tlog\link.36708.write.1.tlog
c:\users\kelson\documents\projects\boids\build\boids.dir\debug\boids.tlog\link.command.1.tlog
c:\users\kelson\documents\projects\boids\build\boids.dir\debug\boids.tlog\link.read.1.tlog
c:\users\kelson\documents\projects\boids\build\boids.dir\debug\boids.tlog\link.read.2.tlog
c:\users\kelson\documents\projects\boids\build\boids.dir\debug\boids.tlog\link.read.3.tlog
c:\users\kelson\documents\projects\boids\build\boids.dir\debug\boids.tlog\link.read.4.tlog
c:\users\kelson\documents\projects\boids\build\boids.dir\debug\boids.tlog\link.read.5.tlog
c:\users\kelson\documents\projects\boids\build\boids.dir\debug\boids.tlog\link.read.6.tlog
c:\users\kelson\documents\projects\boids\build\boids.dir\debug\boids.tlog\link.write.1.tlog
